00:00:01.013220 VirtualBox GUI VM Selector Window 7.2.4 r170995 win.amd64 (Oct 17 2025 12:31:09) release log
00:00:01.013223 Log opened 2025-11-20T08:30:57.921234600Z
00:00:01.013224 Build Type: release
00:00:01.013225 OS Product: Windows 10
00:00:01.013324 OS Release: 10.0.19045.6466
00:00:01.013325 OS Service Pack: 
00:00:01.027414 DMI Product Name: Latitude 3450
00:00:01.031294 DMI Product Version: 
00:00:01.031305 Firmware type: UEFI
00:00:01.031718 Secure Boot: Enabled
00:00:01.031724 Host RAM: 7876MB (7.6GB) total, 2517MB (2.4GB) available
00:00:01.031729 Executable: C:\Program Files\Oracle\VirtualBox\VirtualBox.exe
00:00:01.031729 Process ID: 7044
00:00:01.031729 Package type: WINDOWS_64BITS_GENERIC
00:00:01.031730 Windows Features:
00:00:01.031730   Core Isolation (Memory Integrity): Not supported
00:00:01.031863 Qt version: 6.8.0
00:00:01.032547 GUI: UIMediumEnumerator: Initial medium-enumeration finished!
00:00:33.810944 ERROR [COM]: aRC=E_UNEXPECTED (0x8000ffff) aIID={c0447716-ff5a-4795-b57a-ecd5fffa18a4} aComponent={SessionWrap} aText={The session is not locked (session state: Unlocked)}, preserve=false aResultDetail=0
00:00:33.812105 GUI: UICommon: Handling aboutToQuit request..
00:00:34.668968 GUI: UICommon: aboutToQuit request handled!
